=~=~=~=~=~=~=~=~=~=~=~= PuTTY log 2021.12.01 17:41:16 =~=~=~=~=~=~=~=~=~=~=~=
Recording...
Recording done
Predictions (DSP: 405 ms., Classification: 25 ms., Anomaly: 0 ms.): 
    background: 	0.07421
    barking: 	0.22265
    down: 	0.04687
    glass_breaking: 	0.11718
    gunshots: 	0.05859
    one: 	0.01562
    three: 	0.0039
    two: 	0.01171
    up: 	0.42578
    zero: 	0.01562
Starting inferencing in 2 seconds...
Recording...
Recording done
Predictions (DSP: 405 ms., Classification: 26 ms., Anomaly: 0 ms.): 
    background: 	0.05468
    barking: 	0.02343
    down: 	0.0039
    glass_breaking: 	0.00000
    gunshots: 	0.00000
    one: 	0.00000
    three: 	0.00000
    two: 	0.00000
    up: 	0.91796
    zero: 	0.00000
Starting inferencing in 2 seconds...
Recording...
Recording done
Predictions (DSP: 406 ms., Classification: 26 ms., Anomaly: 0 ms.): 
    background: 	0.00000
    barking: 	0.00000
    down: 	0.00000
    glass_breaking: 	0.00000
    gunshots: 	0.00000
    one: 	0.99218
    three: 	0.00000
    two: 	0.00000
    up: 	0.0039
    zero: 	0.00000
Starting inferencing in 2 seconds...
Recording...
Recording done
Predictions (DSP: 405 ms., Classification: 25 ms., Anomaly: 0 ms.): 
    background: 	0.05859
    barking: 	0.03124
    down: 	0.00000
    glass_breaking: 	0.02343
    gunshots: 	0.00000
    one: 	0.0039
    three: 	0.51953
    two: 	0.27343
    up: 	0.03906
    zero: 	0.04687
Starting inferencing in 2 seconds...
Recording...
Recording done
Predictions (DSP: 405 ms., Classification: 26 ms., Anomaly: 0 ms.): 
    background: 	0.14453
    barking: 	0.09374
    down: 	0.01171
    glass_breaking: 	0.09374
    gunshots: 	0.01953
    one: 	0.01171
    three: 	0.11718
    two: 	0.07421
    up: 	0.42968
    zero: 	0.00000
Starting inferencing in 2 seconds...
Recording...
Recording done
Predictions (DSP: 405 ms., Classification: 25 ms., Anomaly: 0 ms.): 
    background: 	0.05859
    barking: 	0.05859
    down: 	0.09374
    glass_breaking: 	0.33984
    gunshots: 	0.33984
    one: 	0.00781
    three: 	0.02343
    two: 	0.03124
    up: 	0.02343
    zero: 	0.01953
Starting inferencing in 2 seconds...
